[Fri Sep 11 18:58:09 2015] PHP Notice:  Undefined variable: hostname in /mnt/hml/index.php on line 30
[Fri Sep 11 18:58:09 2015] PHP Notice:  Undefined variable: username in /mnt/hml/index.php on line 30
[Fri Sep 11 18:58:09 2015] PHP Notice:  Undefined variable: password in /mnt/hml/index.php on line 30
[Fri Sep 11 18:58:09 2015] PHP Notice:  Undefined variable: database in /mnt/hml/index.php on line 30
[Fri Sep 11 18:58:09 2015] PHP Warning:  mysqli::mysqli(): (28000/1045): Access denied for user 'root'@'localhost' (using password: NO) in /mnt/hml/index.php on line 30
[Fri Sep 11 18:58:09 2015] PHP Warning:  mysqli::set_charset(): Couldn't fetch mysqli in /mnt/hml/index.php on line 31
[Fri Sep 11 18:58:09 2015] PHP Warning:  main(): Couldn't fetch mysqli in /mnt/hml/index.php on line 33
[Fri Sep 11 18:58:09 2015] PHP Catchable fatal error:  Argument 1 passed to Async::__construct() must be an instance of bool, none given, called in /mnt/hml/index.php on line 38 and defined in /mnt/hml/classes/Async.php on line 7
[Fri Sep 11 18:59:16 2015] PHP Warning:  mysqli::mysqli(): (42000/1049): Unknown database 'hml' in /mnt/hml/index.php on line 30
[Fri Sep 11 18:59:16 2015] PHP Warning:  mysqli::set_charset(): Couldn't fetch mysqli in /mnt/hml/index.php on line 31
[Fri Sep 11 18:59:16 2015] PHP Warning:  main(): Couldn't fetch mysqli in /mnt/hml/index.php on line 33
[Fri Sep 11 18:59:16 2015] PHP Catchable fatal error:  Argument 1 passed to Async::__construct() must be an instance of bool, none given, called in /mnt/hml/index.php on line 38 and defined in /mnt/hml/classes/Async.php on line 7
[Fri Sep 11 18:59:17 2015] PHP Warning:  mysqli::mysqli(): (42000/1049): Unknown database 'hml' in /mnt/hml/index.php on line 30
[Fri Sep 11 18:59:17 2015] PHP Warning:  mysqli::set_charset(): Couldn't fetch mysqli in /mnt/hml/index.php on line 31
[Fri Sep 11 18:59:17 2015] PHP Warning:  main(): Couldn't fetch mysqli in /mnt/hml/index.php on line 33
[Fri Sep 11 18:59:17 2015] PHP Catchable fatal error:  Argument 1 passed to Async::__construct() must be an instance of bool, none given, called in /mnt/hml/index.php on line 38 and defined in /mnt/hml/classes/Async.php on line 7
[Fri Sep 11 19:00:40 2015] PHP Catchable fatal error:  Argument 1 passed to Async::__construct() must be an instance of bool, none given, called in /mnt/hml/index.php on line 38 and defined in /mnt/hml/classes/Async.php on line 7
[Fri Sep 11 19:00:42 2015] PHP Catchable fatal error:  Argument 1 passed to Async::__construct() must be an instance of bool, none given, called in /mnt/hml/index.php on line 38 and defined in /mnt/hml/classes/Async.php on line 7
[Fri Sep 11 19:01:01 2015] PHP Catchable fatal error:  Argument 1 passed to Async::__construct() must be an instance of bool, boolean given, called in /mnt/hml/index.php on line 38 and defined in /mnt/hml/classes/Async.php on line 7
[Fri Sep 11 19:01:33 2015] PHP Parse error:  syntax error, unexpected 'false' (T_STRING) in /mnt/hml/index.php on line 38
[Fri Sep 11 19:02:24 2015] PHP Parse error:  syntax error, unexpected 'false' (T_STRING) in /mnt/hml/index.php on line 38
[Fri Sep 11 19:02:24 2015] PHP Parse error:  syntax error, unexpected 'false' (T_STRING) in /mnt/hml/index.php on line 38
[Fri Sep 11 19:02:25 2015] PHP Parse error:  syntax error, unexpected 'false' (T_STRING) in /mnt/hml/index.php on line 38
[Fri Sep 11 19:02:44 2015] PHP Warning:  require_once(/mnt/hml/classes/bool.php): failed to open stream: No such file or directory in /mnt/hml/index.php on line 10
[Fri Sep 11 19:02:44 2015] PHP Fatal error:  require_once(): Failed opening required '/mnt/hml/classes/bool.php' (include_path='.:/usr/share/php:/usr/share/pear') in /mnt/hml/index.php on line 10
[Fri Sep 11 19:03:28 2015] PHP Parse error:  syntax error, unexpected end of file in /mnt/hml/classes/Account.php on line 44
[Fri Sep 11 19:04:13 2015] PHP Parse error:  syntax error, unexpected end of file in /mnt/hml/classes/Account.php on line 44
[Fri Sep 11 19:04:14 2015] PHP Parse error:  syntax error, unexpected end of file in /mnt/hml/classes/Account.php on line 44
[Fri Sep 11 19:04:46 2015] PHP Warning:  require_once(/mnt/hml/template/home.php): failed to open stream: No such file or directory in /mnt/hml/index.php on line 56
[Fri Sep 11 19:04:46 2015] PHP Fatal error:  require_once(): Failed opening required '/mnt/hml/template/home.php' (include_path='.:/usr/share/php:/usr/share/pear') in /mnt/hml/index.php on line 56
[Fri Sep 11 19:13:52 2015] PHP Fatal error:  Uncaught exception 'InvalidArgumentException' with message 'The "m2.username" key is non-existent.' in /mnt/hml/classes/Async.php:23
Stack trace:
#0 /mnt/hml/index.php(56): Async->get('m2.username')
#1 {main}
  thrown in /mnt/hml/classes/Async.php on line 23
[Fri Sep 11 19:13:53 2015] PHP Fatal error:  Uncaught exception 'InvalidArgumentException' with message 'The "m2.username" key is non-existent.' in /mnt/hml/classes/Async.php:23
Stack trace:
#0 /mnt/hml/index.php(56): Async->get('m2.username')
#1 {main}
  thrown in /mnt/hml/classes/Async.php on line 23
[Fri Sep 11 19:15:38 2015] PHP Fatal error:  Uncaught exception 'InvalidArgumentException' with message 'The "m2.username" key is non-existent.' in /mnt/hml/classes/Async.php:23
Stack trace:
#0 /mnt/hml/index.php(56): Async->get('m2.username')
#1 {main}
  thrown in /mnt/hml/classes/Async.php on line 23
[Fri Sep 11 19:17:01 2015] PHP Notice:  Undefined index: username in /mnt/hml/template/panel.php on line 3
[Fri Sep 11 19:17:01 2015] PHP Fatal error:  Uncaught exception 'InvalidArgumentException' with message 'The "m2.secretdata" key is non-existent.' in /mnt/hml/classes/Async.php:23
Stack trace:
#0 /mnt/hml/template/panel.php(5): Async->get('m2.secretdata')
#1 /mnt/hml/index.php(60): require_once('/mnt/hml/templa...')
#2 {main}
  thrown in /mnt/hml/classes/Async.php on line 23
